-------------------------------------------------------------------------------
Test set: com.org.review.ReviewIntegrationTest
-------------------------------------------------------------------------------
Tests run: 1, Failures: 1, Errors: 0, Skipped: 0, Time elapsed: 3.199 s <<< FAILURE! - in com.org.review.ReviewIntegrationTest
testGetAllReviews(com.org.review.ReviewIntegrationTest)  Time elapsed: 0.314 s  <<< FAILURE!
java.lang.AssertionError: []: Expected 2 values but got 1
	at com.org.review.ReviewIntegrationTest.testGetAllReviews(ReviewIntegrationTest.java:46)

