<?xml version="1.0" encoding="UTF-8"?>
<testsuite xmlns:xsi="http://www.w3.org/2001/XMLSchema-instance" xsi:noNamespaceSchemaLocation="https://maven.apache.org/surefire/maven-surefire-plugin/xsd/surefire-test-report.xsd" name="com.org.review.controller.TestReviewController" time="2.777" tests="2" errors="0" skipped="0" failures="2">
  <properties>
[...]
</properties>
  <testcase name="testGetSpecificReview" classname="com.org.review.controller.TestReviewController" time="0.11">
    <failure message="Expected matches actual expected:&lt;[com.org.review.model.Review@7af3874e]&gt; but was:&lt;[{&quot;id&quot;:501,&quot;productId&quot;:101,&quot;rating&quot;:3,&quot;comments&quot;:&quot;Good&quot;}]&gt;" type="org.junit.ComparisonFailure"><![CDATA[org.junit.ComparisonFailure: Expected matches actual expected:<[com.org.review.model.Review@7af3874e]> but was:<[{"id":501,"productId":101,"rating":3,"comments":"Good"}]>
	at com.org.review.controller.TestReviewController.testGetSpecificReview(TestReviewController.java:57)
]]></failure>
    <system-out><![CDATA[13:02:38.784 [main] DEBUG org.springframework.test.context.junit4.SpringJUnit4ClassRunner - SpringJUnit4ClassRunner constructor called with [class com.org.review.controller.TestReviewController]
13:02:38.790 [main] DEBUG org.springframework.test.context.BootstrapUtils - Instantiating CacheAwareContextLoaderDelegate from class [org.springframework.test.context.cache.DefaultCacheAwareContextLoaderDelegate]
13:02:38.799 [main] DEBUG org.springframework.test.context.BootstrapUtils - Instantiating BootstrapContext using constructor [public org.springframework.test.context.support.DefaultBootstrapContext(java.lang.Class,org.springframework.test.context.CacheAwareContextLoaderDelegate)]
13:02:38.816 [main] DEBUG org.springframework.test.context.BootstrapUtils - Instantiating TestContextBootstrapper for test class [com.org.review.controller.TestReviewController] from class [org.springframework.boot.test.autoconfigure.web.servlet.WebMvcTestContextBootstrapper]
13:02:38.831 [main] INFO org.springframework.boot.test.autoconfigure.web.servlet.WebMvcTestContextBootstrapper - Neither @ContextConfiguration nor @ContextHierarchy found for test class [com.org.review.controller.TestReviewController], using SpringBootContextLoader
13:02:38.834 [main] DEBUG org.springframework.test.context.support.AbstractContextLoader - Did not detect default resource location for test class [com.org.review.controller.TestReviewController]: class path resource [com/org/review/controller/TestReviewController-context.xml] does not exist
13:02:38.835 [main] DEBUG org.springframework.test.context.support.AbstractContextLoader - Did not detect default resource location for test class [com.org.review.controller.TestReviewController]: class path resource [com/org/review/controller/TestReviewControllerContext.groovy] does not exist
13:02:38.835 [main] INFO org.springframework.test.context.support.AbstractContextLoader - Could not detect default resource locations for test class [com.org.review.controller.TestReviewController]: no resource found for suffixes {-context.xml, Context.groovy}.
13:02:38.835 [main] INFO org.springframework.test.context.support.AnnotationConfigContextLoaderUtils - Could not detect default configuration classes for test class [com.org.review.controller.TestReviewController]: TestReviewController does not declare any static, non-private, non-final, nested classes annotated with @Configuration.
13:02:38.904 [main] DEBUG org.springframework.test.context.support.ActiveProfilesUtils - Could not find an 'annotation declaring class' for annotation type [org.springframework.test.context.ActiveProfiles] and class [com.org.review.controller.TestReviewController]
13:02:38.970 [main] DEBUG org.springframework.context.annotation.ClassPathScanningCandidateComponentProvider - Identified candidate component class: file [D:\review-ms\target\classes\com\org\review\ReviewMsApplication.class]
13:02:38.973 [main] INFO org.springframework.boot.test.context.SpringBootTestContextBootstrapper - Found @SpringBootConfiguration com.org.review.ReviewMsApplication for test class com.org.review.controller.TestReviewController
13:02:38.974 [main] DEBUG org.springframework.boot.test.autoconfigure.web.servlet.WebMvcTestContextBootstrapper - @TestExecutionListeners is not present for class [com.org.review.controller.TestReviewController]: using defaults.
13:02:38.975 [main] INFO org.springframework.boot.test.autoconfigure.web.servlet.WebMvcTestContextBootstrapper - Loaded default TestExecutionListener class names from location [META-INF/spring.factories]: [org.springframework.boot.test.mock.mockito.MockitoTestExecutionListener, org.springframework.boot.test.mock.mockito.ResetMocksTestExecutionListener, org.springframework.boot.test.autoconfigure.restdocs.RestDocsTestExecutionListener, org.springframework.boot.test.autoconfigure.web.client.MockRestServiceServerResetTestExecutionListener, org.springframework.boot.test.autoconfigure.web.servlet.MockMvcPrintOnlyOnFailureTestExecutionListener, org.springframework.boot.test.autoconfigure.web.servlet.WebDriverTestExecutionListener, org.springframework.test.context.web.ServletTestExecutionListener, org.springframework.test.context.support.DirtiesContextBeforeModesTestExecutionListener, org.springframework.test.context.support.DependencyInjectionTestExecutionListener, org.springframework.test.context.support.DirtiesContextTestExecutionListener, org.springframework.test.context.transaction.TransactionalTestExecutionListener, org.springframework.test.context.jdbc.SqlScriptsTestExecutionListener]
13:02:38.992 [main] INFO org.springframework.boot.test.autoconfigure.web.servlet.WebMvcTestContextBootstrapper - Using TestExecutionListeners: [org.springframework.test.context.web.ServletTestExecutionListener@56620197, org.springframework.test.context.support.DirtiesContextBeforeModesTestExecutionListener@6eda5c9, org.springframework.boot.test.mock.mockito.MockitoTestExecutionListener@55b7a4e0, org.springframework.boot.test.autoconfigure.SpringBootDependencyInjectionTestExecutionListener@5f058f00, org.springframework.test.context.support.DirtiesContextTestExecutionListener@192d43ce, org.springframework.test.context.transaction.TransactionalTestExecutionListener@72057ecf, org.springframework.test.context.jdbc.SqlScriptsTestExecutionListener@1afd44cb, org.springframework.boot.test.mock.mockito.ResetMocksTestExecutionListener@6973b51b, org.springframework.boot.test.autoconfigure.restdocs.RestDocsTestExecutionListener@1ab3a8c8, org.springframework.boot.test.autoconfigure.web.client.MockRestServiceServerResetTestExecutionListener@43195e57, org.springframework.boot.test.autoconfigure.web.servlet.MockMvcPrintOnlyOnFailureTestExecutionListener@333291e3, org.springframework.boot.test.autoconfigure.web.servlet.WebDriverTestExecutionListener@479d31f3]
13:02:38.993 [main] DEBUG org.springframework.test.annotation.ProfileValueUtils - Retrieved @ProfileValueSourceConfiguration [null] for test class [com.org.review.controller.TestReviewController]
13:02:38.994 [main] DEBUG org.springframework.test.annotation.ProfileValueUtils - Retrieved ProfileValueSource type [class org.springframework.test.annotation.SystemProfileValueSource] for class [com.org.review.controller.TestReviewController]
13:02:38.995 [main] DEBUG org.springframework.test.annotation.ProfileValueUtils - Retrieved @ProfileValueSourceConfiguration [null] for test class [com.org.review.controller.TestReviewController]
13:02:38.995 [main] DEBUG org.springframework.test.annotation.ProfileValueUtils - Retrieved ProfileValueSource type [class org.springframework.test.annotation.SystemProfileValueSource] for class [com.org.review.controller.TestReviewController]
13:02:38.996 [main] DEBUG org.springframework.test.annotation.ProfileValueUtils - Retrieved @ProfileValueSourceConfiguration [null] for test class [com.org.review.controller.TestReviewController]
13:02:38.996 [main] DEBUG org.springframework.test.annotation.ProfileValueUtils - Retrieved ProfileValueSource type [class org.springframework.test.annotation.SystemProfileValueSource] for class [com.org.review.controller.TestReviewController]
13:02:39.001 [main] DEBUG org.springframework.test.context.support.AbstractDirtiesContextTestExecutionListener - Before test class: context [DefaultTestContext@661972b0 testClass = TestReviewController, testInstance = [null], testMethod = [null], testException = [null], mergedContextConfiguration = [WebMergedContextConfiguration@5af3afd9 testClass = TestReviewController, locations = '{}', classes = '{class com.org.review.ReviewMsApplication}', contextInitializerClasses = '[]', activeProfiles = '{}', propertySourceLocations = '{}', propertySourceProperties = '{org.springframework.boot.test.autoconfigure.web.servlet.WebMvcTestContextBootstrapper=true}', contextCustomizers = set[[ImportsContextCustomizer@323b36e0 key = [org.springframework.boot.autoconfigure.cache.CacheAutoConfiguration, org.springframework.boot.autoconfigure.context.MessageSourceAutoConfiguration, org.springframework.boot.autoconfigure.data.web.SpringDataWebAutoConfiguration, org.springframework.boot.autoconfigure.freemarker.FreeMarkerAutoConfiguration, org.springframework.boot.autoconfigure.groovy.template.GroovyTemplateAutoConfiguration, org.springframework.boot.autoconfigure.gson.GsonAutoConfiguration, org.springframework.boot.autoconfigure.hateoas.HypermediaAutoConfiguration, org.springframework.boot.autoconfigure.http.HttpMessageConvertersAutoConfiguration, org.springframework.boot.autoconfigure.jackson.JacksonAutoConfiguration, org.springframework.boot.autoconfigure.jsonb.JsonbAutoConfiguration, org.springframework.boot.autoconfigure.mustache.MustacheAutoConfiguration, org.springframework.boot.autoconfigure.task.TaskExecutionAutoConfiguration, org.springframework.boot.autoconfigure.thymeleaf.ThymeleafAutoConfiguration, org.springframework.boot.autoconfigure.validation.ValidationAutoConfiguration, org.springframework.boot.autoconfigure.web.servlet.error.ErrorMvcAutoConfiguration, org.springframework.boot.autoconfigure.web.servlet.WebMvcAutoConfiguration, org.springframework.boot.test.autoconfigure.web.servlet.MockMvcAutoConfiguration, org.springframework.boot.test.autoconfigure.web.servlet.MockMvcSecurityAutoConfiguration, org.springframework.boot.test.autoconfigure.web.servlet.MockMvcWebClientAutoConfiguration, org.springframework.boot.test.autoconfigure.web.servlet.MockMvcWebDriverAutoConfiguration]], org.springframework.boot.test.context.filter.ExcludeFilterContextCustomizer@27c6e487, org.springframework.boot.test.json.DuplicateJsonObjectContextCustomizerFactory$DuplicateJsonObjectContextCustomizer@38364841, org.springframework.boot.test.mock.mockito.MockitoContextCustomizer@6f7f7738, org.springframework.boot.test.autoconfigure.OverrideAutoConfigurationContextCustomizerFactory$DisableAutoConfigurationContextCustomizer@77e4c80f, org.springframework.boot.test.autoconfigure.filter.TypeExcludeFiltersContextCustomizer@21639218, org.springframework.boot.test.autoconfigure.properties.PropertyMappingContextCustomizer@fe8a06c5, org.springframework.boot.test.autoconfigure.web.servlet.WebDriverContextCustomizerFactory$Customizer@214b199c], resourceBasePath = '', contextLoader = 'org.springframework.boot.test.context.SpringBootContextLoader', parent = [null]], attributes = map[[empty]]], class annotated with @DirtiesContext [false] with mode [null].
13:02:39.002 [main] DEBUG org.springframework.test.annotation.ProfileValueUtils - Retrieved @ProfileValueSourceConfiguration [null] for test class [com.org.review.controller.TestReviewController]
13:02:39.002 [main] DEBUG org.springframework.test.annotation.ProfileValueUtils - Retrieved ProfileValueSource type [class org.springframework.test.annotation.SystemProfileValueSource] for class [com.org.review.controller.TestReviewController]
13:02:39.107 [main] DEBUG org.springframework.test.context.support.TestPropertySourceUtils - Adding inlined properties to environment: {spring.jmx.enabled=false, org.springframework.boot.test.autoconfigure.web.servlet.WebMvcTestContextBootstrapper=true, server.port=-1}

  .   ____          _            __ _ _
 /\\ / ___'_ __ _ _(_)_ __  __ _ \ \ \ \
( ( )\___ | '_ | '_| | '_ \/ _` | \ \ \ \
 \\/  ___)| |_)| | | | | || (_| |  ) ) ) )
  '  |____| .__|_| |_|_| |_\__, | / / / /
 =========|_|==============|___/=/_/_/_/
 :: Spring Boot ::        (v2.1.3.RELEASE)

2019-03-11 13:02:39.403  INFO 2744 --- [           main] c.o.r.controller.TestReviewController    : Starting TestReviewController on EPINHYDW0237 with PID 2744 (started by Richa_Arora in D:\review-ms)
2019-03-11 13:02:39.406  INFO 2744 --- [           main] c.o.r.controller.TestReviewController    : No active profile set, falling back to default profiles: default
2019-03-11 13:02:40.445  INFO 2744 --- [           main] trationDelegate$BeanPostProcessorChecker : Bean 'org.springframework.hateoas.config.HateoasConfiguration' of type [org.springframework.hateoas.config.HateoasConfiguration$$EnhancerBySpringCGLIB$$b5c8a564] is not eligible for getting processed by all BeanPostProcessors (for example: not eligible for auto-proxying)
2019-03-11 13:02:40.964  INFO 2744 --- [           main] o.s.s.concurrent.ThreadPoolTaskExecutor  : Initializing ExecutorService 'applicationTaskExecutor'
2019-03-11 13:02:41.205  INFO 2744 --- [           main] o.s.b.t.m.w.SpringBootMockServletContext : Initializing Spring TestDispatcherServlet ''
2019-03-11 13:02:41.205  INFO 2744 --- [           main] o.s.t.web.servlet.TestDispatcherServlet  : Initializing Servlet ''
2019-03-11 13:02:41.216  INFO 2744 --- [           main] o.s.t.web.servlet.TestDispatcherServlet  : Completed initialization in 11 ms
2019-03-11 13:02:41.244  INFO 2744 --- [           main] c.o.r.controller.TestReviewController    : Started TestReviewController in 2.13 seconds (JVM running for 2.964)

MockHttpServletRequest:
      HTTP Method = GET
      Request URI = /api/reviews/getSpecificReview/1
       Parameters = {}
          Headers = [Accept:"application/json"]
             Body = <no character encoding set>
    Session Attrs = {}

Handler:
             Type = com.org.review.controller.ReviewController
           Method = public org.springframework.http.ResponseEntity<com.org.review.model.Review> com.org.review.controller.ReviewController.getSpecificReview(int) throws com.org.review.exception.ReviewNotFoundException

Async:
    Async started = false
     Async result = null

Resolved Exception:
             Type = null

ModelAndView:
        View name = null
             View = null
            Model = null

FlashMap:
       Attributes = null

MockHttpServletResponse:
           Status = 200
    Error message = null
          Headers = [Content-Type:"application/json;charset=UTF-8"]
     Content type = application/json;charset=UTF-8
             Body = {"id":501,"productId":101,"rating":3,"comments":"Good"}
    Forwarded URL = null
   Redirected URL = null
          Cookies = []
]]></system-out>
  </testcase>
  <testcase name="testGetReviews" classname="com.org.review.controller.TestReviewController" time="0.015">
    <failure message="Expected matches actual expected:&lt;[{&quot;id&quot;:[[501,&quot;productId&quot;:101,&quot;rating&quot;:3,&quot;comments&quot;:&quot;Good&quot;},{&quot;id&quot;:502,&quot;productId&quot;:102,&quot;rating&quot;:2,&quot;comments&quot;:&quot;Average&quot;},{&quot;id&quot;:503,&quot;productId&quot;:102,&quot;rating&quot;:1,&quot;comments&quot;:&quot;Bad]]&quot;}]&gt; but was:&lt;[{&quot;id&quot;:[501,&quot;productId&quot;:101,&quot;rating&quot;:3,&quot;comments&quot;:&quot;Good&quot;},{&quot;id&quot;:502,&quot;productId&quot;:102,&quot;rating&quot;:2,&quot;comments&quot;:&quot;Average&quot;},{&quot;id&quot;:503,&quot;productId&quot;:102,&quot;rating&quot;:1,&quot;comments&quot;:&quot;Bad]&quot;}]&gt;" type="org.junit.ComparisonFailure"><![CDATA[org.junit.ComparisonFailure: Expected matches actual expected:<[{"id":[[501,"productId":101,"rating":3,"comments":"Good"},{"id":502,"productId":102,"rating":2,"comments":"Average"},{"id":503,"productId":102,"rating":1,"comments":"Bad]]"}]> but was:<[{"id":[501,"productId":101,"rating":3,"comments":"Good"},{"id":502,"productId":102,"rating":2,"comments":"Average"},{"id":503,"productId":102,"rating":1,"comments":"Bad]"}]>
	at com.org.review.controller.TestReviewController.testGetReviews(TestReviewController.java:44)
]]></failure>
    <system-out><![CDATA[com.org.review.model.Review@1f67761b
com.org.review.model.Review@5a034157
com.org.review.model.Review@2f4ba1ae

MockHttpServletRequest:
      HTTP Method = GET
      Request URI = /api/reviews/getSpecificReview/1
       Parameters = {}
          Headers = [Accept:"application/json"]
             Body = <no character encoding set>
    Session Attrs = {}

Handler:
             Type = com.org.review.controller.ReviewController
           Method = public org.springframework.http.ResponseEntity<com.org.review.model.Review> com.org.review.controller.ReviewController.getSpecificReview(int) throws com.org.review.exception.ReviewNotFoundException

Async:
    Async started = false
     Async result = null

Resolved Exception:
             Type = null

ModelAndView:
        View name = null
             View = null
            Model = null

FlashMap:
       Attributes = null

MockHttpServletResponse:
           Status = 200
    Error message = null
          Headers = [Content-Type:"application/json;charset=UTF-8"]
     Content type = application/json;charset=UTF-8
             Body = {"id":501,"productId":101,"rating":3,"comments":"Good"}
    Forwarded URL = null
   Redirected URL = null
          Cookies = []

MockHttpServletRequest:
      HTTP Method = GET
      Request URI = /api/reviews/getReviews
       Parameters = {}
          Headers = [Accept:"application/json"]
             Body = <no character encoding set>
    Session Attrs = {}

Handler:
             Type = com.org.review.controller.ReviewController
           Method = public org.springframework.http.ResponseEntity<java.util.List<com.org.review.model.Review>> com.org.review.controller.ReviewController.getReviews()

Async:
    Async started = false
     Async result = null

Resolved Exception:
             Type = null

ModelAndView:
        View name = null
             View = null
            Model = null

FlashMap:
       Attributes = null

MockHttpServletResponse:
           Status = 200
    Error message = null
          Headers = [Content-Type:"application/json;charset=UTF-8"]
     Content type = application/json;charset=UTF-8
             Body = [{"id":501,"productId":101,"rating":3,"comments":"Good"},{"id":502,"productId":102,"rating":2,"comments":"Average"},{"id":503,"productId":102,"rating":1,"comments":"Bad"}]
    Forwarded URL = null
   Redirected URL = null
          Cookies = []
]]></system-out>
  </testcase>
</testsuite>