<?xml version="1.0" encoding="UTF-8"?>
<testsuite xmlns:xsi="http://www.w3.org/2001/XMLSchema-instance" xsi:noNamespaceSchemaLocation="https://maven.apache.org/surefire/maven-surefire-plugin/xsd/surefire-test-report.xsd" name="com.org.review.ReviewIntegrationTest" time="3.199" tests="1" errors="0" skipped="0" failures="1">
  <properties>
[...]
</properties>
  <testcase name="testGetAllReviews" classname="com.org.review.ReviewIntegrationTest" time="0.314">
    <failure message="[]: Expected 2 values but got 1" type="java.lang.AssertionError">java.lang.AssertionError: []: Expected 2 values but got 1
	at com.org.review.ReviewIntegrationTest.testGetAllReviews(ReviewIntegrationTest.java:46)
</failure>
    <system-out><![CDATA[2019-03-11 13:02:47.715  INFO 2744 --- [           main] .b.t.c.SpringBootTestContextBootstrapper : Neither @ContextConfiguration nor @ContextHierarchy found for test class [com.org.review.ReviewIntegrationTest], using SpringBootContextLoader
2019-03-11 13:02:47.716  INFO 2744 --- [           main] o.s.t.c.support.AbstractContextLoader    : Could not detect default resource locations for test class [com.org.review.ReviewIntegrationTest]: no resource found for suffixes {-context.xml, Context.groovy}.
2019-03-11 13:02:47.718  INFO 2744 --- [           main] .b.t.c.SpringBootTestContextBootstrapper : Loaded default TestExecutionListener class names from location [META-INF/spring.factories]: [org.springframework.boot.test.mock.mockito.MockitoTestExecutionListener, org.springframework.boot.test.mock.mockito.ResetMocksTestExecutionListener, org.springframework.boot.test.autoconfigure.restdocs.RestDocsTestExecutionListener, org.springframework.boot.test.autoconfigure.web.client.MockRestServiceServerResetTestExecutionListener, org.springframework.boot.test.autoconfigure.web.servlet.MockMvcPrintOnlyOnFailureTestExecutionListener, org.springframework.boot.test.autoconfigure.web.servlet.WebDriverTestExecutionListener, org.springframework.test.context.web.ServletTestExecutionListener, org.springframework.test.context.support.DirtiesContextBeforeModesTestExecutionListener, org.springframework.test.context.support.DependencyInjectionTestExecutionListener, org.springframework.test.context.support.DirtiesContextTestExecutionListener, org.springframework.test.context.transaction.TransactionalTestExecutionListener, org.springframework.test.context.jdbc.SqlScriptsTestExecutionListener]
2019-03-11 13:02:47.719  INFO 2744 --- [           main] .b.t.c.SpringBootTestContextBootstrapper : Using TestExecutionListeners: [org.springframework.test.context.web.ServletTestExecutionListener@e00c94e, org.springframework.test.context.support.DirtiesContextBeforeModesTestExecutionListener@b2db8bc, org.springframework.boot.test.mock.mockito.MockitoTestExecutionListener@1c0ec502, org.springframework.boot.test.autoconfigure.SpringBootDependencyInjectionTestExecutionListener@6287e312, org.springframework.test.context.support.DirtiesContextTestExecutionListener@6a450cb5, org.springframework.test.context.transaction.TransactionalTestExecutionListener@c4bb119, org.springframework.test.context.jdbc.SqlScriptsTestExecutionListener@66075347, org.springframework.boot.test.mock.mockito.ResetMocksTestExecutionListener@3b45a3e6, org.springframework.boot.test.autoconfigure.restdocs.RestDocsTestExecutionListener@7927209f, org.springframework.boot.test.autoconfigure.web.client.MockRestServiceServerResetTestExecutionListener@283595db, org.springframework.boot.test.autoconfigure.web.servlet.MockMvcPrintOnlyOnFailureTestExecutionListener@747476f1, org.springframework.boot.test.autoconfigure.web.servlet.WebDriverTestExecutionListener@6238b10a]

  .   ____          _            __ _ _
 /\\ / ___'_ __ _ _(_)_ __  __ _ \ \ \ \
( ( )\___ | '_ | '_| | '_ \/ _` | \ \ \ \
 \\/  ___)| |_)| | | | | || (_| |  ) ) ) )
  '  |____| .__|_| |_|_| |_\__, | / / / /
 =========|_|==============|___/=/_/_/_/
 :: Spring Boot ::        (v2.1.3.RELEASE)

2019-03-11 13:02:47.765  INFO 2744 --- [           main] com.org.review.ReviewIntegrationTest     : Starting ReviewIntegrationTest on EPINHYDW0237 with PID 2744 (started by Richa_Arora in D:\review-ms)
2019-03-11 13:02:47.765  INFO 2744 --- [           main] com.org.review.ReviewIntegrationTest     : No active profile set, falling back to default profiles: default
2019-03-11 13:02:48.091  INFO 2744 --- [           main] .s.d.r.c.RepositoryConfigurationDelegate : Bootstrapping Spring Data repositories in DEFAULT mode.
2019-03-11 13:02:48.101  INFO 2744 --- [           main] .s.d.r.c.RepositoryConfigurationDelegate : Finished Spring Data repository scanning in 10ms. Found 1 repository interfaces.
2019-03-11 13:02:48.179  INFO 2744 --- [           main] trationDelegate$BeanPostProcessorChecker : Bean 'org.springframework.transaction.annotation.ProxyTransactionManagementConfiguration' of type [org.springframework.transaction.annotation.ProxyTransactionManagementConfiguration$$EnhancerBySpringCGLIB$$36485832] is not eligible for getting processed by all BeanPostProcessors (for example: not eligible for auto-proxying)
2019-03-11 13:02:48.204  INFO 2744 --- [           main] trationDelegate$BeanPostProcessorChecker : Bean 'org.springframework.hateoas.config.HateoasConfiguration' of type [org.springframework.hateoas.config.HateoasConfiguration$$EnhancerBySpringCGLIB$$b5c8a564] is not eligible for getting processed by all BeanPostProcessors (for example: not eligible for auto-proxying)
2019-03-11 13:02:48.442  INFO 2744 --- [           main] o.s.b.w.embedded.tomcat.TomcatWebServer  : Tomcat initialized with port(s): 0 (http)
2019-03-11 13:02:48.472  INFO 2744 --- [           main] o.apache.catalina.core.StandardService   : Starting service [Tomcat]
2019-03-11 13:02:48.472  INFO 2744 --- [           main] org.apache.catalina.core.StandardEngine  : Starting Servlet engine: [Apache Tomcat/9.0.16]
2019-03-11 13:02:48.481  INFO 2744 --- [           main] o.a.catalina.core.AprLifecycleListener   : The APR based Apache Tomcat Native library which allows optimal performance in production environments was not found on the java.library.path: [C:\Program Files\Java\jdk1.8.0_121\jre\bin;C:\WINDOWS\Sun\Java\bin;C:\WINDOWS\system32;C:\WINDOWS;C:/Program Files/Java/jre1.8.0_121/bin/server;C:/Program Files/Java/jre1.8.0_121/bin;C:/Program Files/Java/jre1.8.0_121/lib/amd64;C:\ProgramData\DockerDesktop\version-bin;C:\Program Files\Docker\Docker\Resources\bin;C:\ProgramData\Oracle\Java\javapath;C:\WINDOWS\system32;C:\WINDOWS;C:\WINDOWS\System32\Wbem;C:\WINDOWS\System32\WindowsPowerShell\v1.0\;C:\WINDOWS\System32\OpenSSH\;C:\Program Files\TortoiseSVN\bin;C:\Program Files\Java\jdk1.8.0_121\bin;C:\Program Files\TortoiseGit\bin;C:\Program Files\nodejs\;C:\Users\richa_arora\AppData\Local\Microsoft\WindowsApps;C:\Users\richa_arora\AppData\Roaming\npm;C:\Users\richa_arora\AppData\Local\Programs\Microsoft VS Code\bin;C:\Users\richa_arora\AppData\Local\Programs\Git\cmd;;D:\Softwares\sts-4.1.0.RELEASE;;.]
2019-03-11 13:02:48.617  INFO 2744 --- [           main] o.a.c.c.C.[Tomcat].[localhost].[/]       : Initializing Spring embedded WebApplicationContext
2019-03-11 13:02:48.617  INFO 2744 --- [           main] o.s.web.context.ContextLoader            : Root WebApplicationContext: initialization completed in 851 ms
2019-03-11 13:02:49.221  INFO 2744 --- [           main] com.zaxxer.hikari.HikariDataSource       : HikariPool-2 - Starting...
2019-03-11 13:02:49.237  INFO 2744 --- [           main] com.zaxxer.hikari.HikariDataSource       : HikariPool-2 - Start completed.
2019-03-11 13:02:49.465  INFO 2744 --- [           main] liquibase.executor.jvm.JdbcExecutor      : SELECT COUNT(*) FROM mydbforreview.DATABASECHANGELOGLOCK
2019-03-11 13:02:49.480  INFO 2744 --- [           main] liquibase.executor.jvm.JdbcExecutor      : SELECT COUNT(*) FROM mydbforreview.DATABASECHANGELOGLOCK
2019-03-11 13:02:49.487  INFO 2744 --- [           main] liquibase.executor.jvm.JdbcExecutor      : SELECT `LOCKED` FROM mydbforreview.DATABASECHANGELOGLOCK WHERE ID=1
2019-03-11 13:02:49.545  INFO 2744 --- [           main] l.lockservice.StandardLockService        : Successfully acquired change log lock
2019-03-11 13:02:49.574  INFO 2744 --- [           main] liquibase.executor.jvm.JdbcExecutor      : SELECT MD5SUM FROM mydbforreview.DATABASECHANGELOG WHERE MD5SUM IS NOT NULL LIMIT 1
2019-03-11 13:02:49.576  INFO 2744 --- [           main] liquibase.executor.jvm.JdbcExecutor      : SELECT COUNT(*) FROM mydbforreview.DATABASECHANGELOG
2019-03-11 13:02:49.577  INFO 2744 --- [           main] l.c.StandardChangeLogHistoryService      : Reading from mydbforreview.DATABASECHANGELOG
2019-03-11 13:02:49.578  INFO 2744 --- [           main] liquibase.executor.jvm.JdbcExecutor      : SELECT * FROM mydbforreview.DATABASECHANGELOG ORDER BY DATEEXECUTED ASC, ORDEREXECUTED ASC
2019-03-11 13:02:49.654  INFO 2744 --- [           main] l.lockservice.StandardLockService        : Successfully released change log lock
2019-03-11 13:02:49.705  INFO 2744 --- [           main] o.hibernate.jpa.internal.util.LogHelper  : HHH000204: Processing PersistenceUnitInfo [
	name: default
	...]
2019-03-11 13:02:49.711  INFO 2744 --- [           main] org.hibernate.dialect.Dialect            : HHH000400: Using dialect: org.hibernate.dialect.MySQL5Dialect
2019-03-11 13:02:49.729  INFO 2744 --- [           main] j.LocalContainerEntityManagerFactoryBean : Initialized JPA EntityManagerFactory for persistence unit 'default'
2019-03-11 13:02:50.030  WARN 2744 --- [           main] aWebConfiguration$JpaWebMvcConfiguration : spring.jpa.open-in-view is enabled by default. Therefore, database queries may be performed during view rendering. Explicitly configure spring.jpa.open-in-view to disable this warning
2019-03-11 13:02:50.106  INFO 2744 --- [           main] o.s.b.a.e.web.EndpointLinksResolver      : Exposing 2 endpoint(s) beneath base path '/actuator'
2019-03-11 13:02:50.280  INFO 2744 --- [           main] o.s.s.concurrent.ThreadPoolTaskExecutor  : Initializing ExecutorService 'applicationTaskExecutor'
2019-03-11 13:02:50.500  INFO 2744 --- [           main] d.s.w.p.DocumentationPluginsBootstrapper : Context refreshed
2019-03-11 13:02:50.501  INFO 2744 --- [           main] d.s.w.p.DocumentationPluginsBootstrapper : Found 1 custom documentation plugin(s)
2019-03-11 13:02:50.505  INFO 2744 --- [           main] s.d.s.w.s.ApiListingReferenceScanner     : Scanning for api listing references
2019-03-11 13:02:50.543  INFO 2744 --- [           main] .d.s.w.r.o.CachingOperationNameGenerator : Generating unique operation named: handleUsingGET_1
2019-03-11 13:02:50.545  INFO 2744 --- [           main] .d.s.w.r.o.CachingOperationNameGenerator : Generating unique operation named: handleUsingGET_2
2019-03-11 13:02:50.547  INFO 2744 --- [           main] .d.s.w.r.o.CachingOperationNameGenerator : Generating unique operation named: handleUsingGET_3
2019-03-11 13:02:50.598  INFO 2744 --- [           main] o.s.b.w.embedded.tomcat.TomcatWebServer  : Tomcat started on port(s): 56565 (http) with context path ''
2019-03-11 13:02:50.599  INFO 2744 --- [           main] com.org.review.ReviewIntegrationTest     : Started ReviewIntegrationTest in 2.867 seconds (JVM running for 12.318)
2019-03-11 13:02:50.675  INFO 2744 --- [o-auto-1-exec-1] o.a.c.c.C.[Tomcat].[localhost].[/]       : Initializing Spring DispatcherServlet 'dispatcherServlet'
2019-03-11 13:02:50.675  INFO 2744 --- [o-auto-1-exec-1] o.s.web.servlet.DispatcherServlet        : Initializing Servlet 'dispatcherServlet'
2019-03-11 13:02:50.694  INFO 2744 --- [o-auto-1-exec-1] o.s.web.servlet.DispatcherServlet        : Completed initialization in 19 ms
2019-03-11 13:02:50.711  INFO 2744 --- [o-auto-1-exec-1] gAspect$$EnhancerBySpringCGLIB$$99d00760 : Entered Class--- class com.org.review.controller.ReviewController----method-----getReviews----with request arguments -- []
2019-03-11 13:02:50.714  INFO 2744 --- [o-auto-1-exec-1] gAspect$$EnhancerBySpringCGLIB$$99d00760 : Entered Class--- class com.org.review.service.ReviewServiceImpl----method-----getReviews----with request arguments -- []
2019-03-11 13:02:50.766  INFO 2744 --- [o-auto-1-exec-1] o.h.h.i.QueryTranslatorFactoryInitiator  : HHH000397: Using ASTQueryTranslatorFactory
2019-03-11 13:02:50.895  INFO 2744 --- [o-auto-1-exec-1] gAspect$$EnhancerBySpringCGLIB$$99d00760 : Exited Class--- class com.org.review.service.ReviewServiceImpl----method-----getReviews----with response arguments -- []
com.org.review.model.Review@52d734c2
2019-03-11 13:02:50.895  INFO 2744 --- [o-auto-1-exec-1] gAspect$$EnhancerBySpringCGLIB$$99d00760 : Exited Class--- class com.org.review.controller.ReviewController----method-----getReviews----with response arguments -- []
]]></system-out>
    <system-err><![CDATA[Mon Mar 11 13:02:49 IST 2019 WARN: Establishing SSL connection without server's identity verification is not recommended. According to MySQL 5.5.45+, 5.6.26+ and 5.7.6+ requirements SSL connection must be established by default if explicit option isn't set. For compliance with existing applications not using SSL the verifyServerCertificate property is set to 'false'. You need either to explicitly disable SSL by setting useSSL=false, or set useSSL=true and provide truststore for server certificate verification.
Mon Mar 11 13:02:49 IST 2019 WARN: Establishing SSL connection without server's identity verification is not recommended. According to MySQL 5.5.45+, 5.6.26+ and 5.7.6+ requirements SSL connection must be established by default if explicit option isn't set. For compliance with existing applications not using SSL the verifyServerCertificate property is set to 'false'. You need either to explicitly disable SSL by setting useSSL=false, or set useSSL=true and provide truststore for server certificate verification.
Mon Mar 11 13:02:49 IST 2019 WARN: Establishing SSL connection without server's identity verification is not recommended. According to MySQL 5.5.45+, 5.6.26+ and 5.7.6+ requirements SSL connection must be established by default if explicit option isn't set. For compliance with existing applications not using SSL the verifyServerCertificate property is set to 'false'. You need either to explicitly disable SSL by setting useSSL=false, or set useSSL=true and provide truststore for server certificate verification.
Mon Mar 11 13:02:49 IST 2019 WARN: Establishing SSL connection without server's identity verification is not recommended. According to MySQL 5.5.45+, 5.6.26+ and 5.7.6+ requirements SSL connection must be established by default if explicit option isn't set. For compliance with existing applications not using SSL the verifyServerCertificate property is set to 'false'. You need either to explicitly disable SSL by setting useSSL=false, or set useSSL=true and provide truststore for server certificate verification.
Mon Mar 11 13:02:49 IST 2019 WARN: Establishing SSL connection without server's identity verification is not recommended. According to MySQL 5.5.45+, 5.6.26+ and 5.7.6+ requirements SSL connection must be established by default if explicit option isn't set. For compliance with existing applications not using SSL the verifyServerCertificate property is set to 'false'. You need either to explicitly disable SSL by setting useSSL=false, or set useSSL=true and provide truststore for server certificate verification.
Mon Mar 11 13:02:49 IST 2019 WARN: Establishing SSL connection without server's identity verification is not recommended. According to MySQL 5.5.45+, 5.6.26+ and 5.7.6+ requirements SSL connection must be established by default if explicit option isn't set. For compliance with existing applications not using SSL the verifyServerCertificate property is set to 'false'. You need either to explicitly disable SSL by setting useSSL=false, or set useSSL=true and provide truststore for server certificate verification.
Mon Mar 11 13:02:49 IST 2019 WARN: Establishing SSL connection without server's identity verification is not recommended. According to MySQL 5.5.45+, 5.6.26+ and 5.7.6+ requirements SSL connection must be established by default if explicit option isn't set. For compliance with existing applications not using SSL the verifyServerCertificate property is set to 'false'. You need either to explicitly disable SSL by setting useSSL=false, or set useSSL=true and provide truststore for server certificate verification.
Mon Mar 11 13:02:49 IST 2019 WARN: Establishing SSL connection without server's identity verification is not recommended. According to MySQL 5.5.45+, 5.6.26+ and 5.7.6+ requirements SSL connection must be established by default if explicit option isn't set. For compliance with existing applications not using SSL the verifyServerCertificate property is set to 'false'. You need either to explicitly disable SSL by setting useSSL=false, or set useSSL=true and provide truststore for server certificate verification.
Mon Mar 11 13:02:49 IST 2019 WARN: Establishing SSL connection without server's identity verification is not recommended. According to MySQL 5.5.45+, 5.6.26+ and 5.7.6+ requirements SSL connection must be established by default if explicit option isn't set. For compliance with existing applications not using SSL the verifyServerCertificate property is set to 'false'. You need either to explicitly disable SSL by setting useSSL=false, or set useSSL=true and provide truststore for server certificate verification.
Mon Mar 11 13:02:49 IST 2019 WARN: Establishing SSL connection without server's identity verification is not recommended. According to MySQL 5.5.45+, 5.6.26+ and 5.7.6+ requirements SSL connection must be established by default if explicit option isn't set. For compliance with existing applications not using SSL the verifyServerCertificate property is set to 'false'. You need either to explicitly disable SSL by setting useSSL=false, or set useSSL=true and provide truststore for server certificate verification.
]]></system-err>
  </testcase>
</testsuite>